<?xml version="1.0" encoding="UTF-8"?>
<testng-results skipped="0" failed="0" ignored="0" total="3" passed="3">
  <reporter-output>
  </reporter-output>
  <suite name="Critical" duration-ms="9581" started-at="2017-10-18T14:10:48Z" finished-at="2017-10-18T14:10:58Z">
    <groups>
    </groups>
    <test name="T_02" duration-ms="3580" started-at="2017-10-18T14:10:48Z" finished-at="2017-10-18T14:10:52Z">
      <class name="Second">
        <test-method status="PASS" signature="testInit()[pri:0, instance:Second@2133c8f8]" name="testInit" is-config="true" duration-ms="8" started-at="2017-10-18T17:10:48Z" finished-at="2017-10-18T17:10:48Z">
          <reporter-output>
          </reporter-output>
        </test-method> <!-- testInit -->
        <test-method status="PASS" signature="init()[pri:0, instance:Second@2133c8f8]" name="init" is-config="true" duration-ms="3543" started-at="2017-10-18T17:10:48Z" finished-at="2017-10-18T17:10:52Z">
          <reporter-output>
          </reporter-output>
        </test-method> <!-- init -->
        <test-method status="PASS" signature="flow2()[pri:0, instance:Second@2133c8f8]" name="flow2" duration-ms="14" started-at="2017-10-18T17:10:52Z" finished-at="2017-10-18T17:10:52Z">
          <reporter-output>
          </reporter-output>
        </test-method> <!-- flow2 -->
        <test-method status="PASS" signature="afterMethod()[pri:0, instance:Second@2133c8f8]" name="afterMethod" is-config="true" duration-ms="0" started-at="2017-10-18T17:10:52Z" finished-at="2017-10-18T17:10:52Z">
          <reporter-output>
          </reporter-output>
        </test-method> <!-- afterMethod -->
      </class> <!-- Second -->
    </test> <!-- T_02 -->
    <test name="T_03" duration-ms="6573" started-at="2017-10-18T14:10:48Z" finished-at="2017-10-18T14:10:55Z">
      <class name="Third">
        <test-method status="PASS" signature="testInit()[pri:0, instance:Third@6e8dacdf]" name="testInit" is-config="true" duration-ms="8" started-at="2017-10-18T17:10:48Z" finished-at="2017-10-18T17:10:48Z">
          <reporter-output>
          </reporter-output>
        </test-method> <!-- testInit -->
        <test-method status="PASS" signature="init()[pri:0, instance:Third@6e8dacdf]" name="init" is-config="true" duration-ms="6541" started-at="2017-10-18T17:10:48Z" finished-at="2017-10-18T17:10:55Z">
          <reporter-output>
          </reporter-output>
        </test-method> <!-- init -->
        <test-method status="PASS" signature="flow3()[pri:0, instance:Third@6e8dacdf]" name="flow3" duration-ms="10" started-at="2017-10-18T17:10:55Z" finished-at="2017-10-18T17:10:55Z">
          <reporter-output>
          </reporter-output>
        </test-method> <!-- flow3 -->
        <test-method status="PASS" signature="afterMethod()[pri:0, instance:Third@6e8dacdf]" name="afterMethod" is-config="true" duration-ms="0" started-at="2017-10-18T17:10:55Z" finished-at="2017-10-18T17:10:55Z">
          <reporter-output>
          </reporter-output>
        </test-method> <!-- afterMethod -->
      </class> <!-- Third -->
    </test> <!-- T_03 -->
    <test name="T_01" duration-ms="9581" started-at="2017-10-18T14:10:48Z" finished-at="2017-10-18T14:10:58Z">
      <class name="First">
        <test-method status="PASS" signature="testInit()[pri:0, instance:First@c818063]" name="testInit" is-config="true" duration-ms="8" started-at="2017-10-18T17:10:48Z" finished-at="2017-10-18T17:10:48Z">
          <reporter-output>
          </reporter-output>
        </test-method> <!-- testInit -->
        <test-method status="PASS" signature="init()[pri:0, instance:First@c818063]" name="init" is-config="true" duration-ms="9551" started-at="2017-10-18T17:10:48Z" finished-at="2017-10-18T17:10:58Z">
          <reporter-output>
          </reporter-output>
        </test-method> <!-- init -->
        <test-method status="PASS" signature="flow1()[pri:0, instance:First@c818063]" name="flow1" duration-ms="9" started-at="2017-10-18T17:10:58Z" finished-at="2017-10-18T17:10:58Z">
          <reporter-output>
          </reporter-output>
        </test-method> <!-- flow1 -->
        <test-method status="PASS" signature="afterMethod()[pri:0, instance:First@c818063]" name="afterMethod" is-config="true" duration-ms="0" started-at="2017-10-18T17:10:58Z" finished-at="2017-10-18T17:10:58Z">
          <reporter-output>
          </reporter-output>
        </test-method> <!-- afterMethod -->
      </class> <!-- First -->
    </test> <!-- T_01 -->
  </suite> <!-- Critical -->
</testng-results>
